21:10:28.794 [main] INFO  com.gmail.testCases.TC_InboxPage - wantToEnableDebuggerMode: true And debugger post: 9222
21:10:28.841 [main] INFO  com.gmail.testCases.TC_InboxPage - wantToByPassLoginLogout: true
21:10:28.842 [main] INFO  com.gmail.testCases.TC_InboxPage - incognitoMode: false
21:10:28.843 [main] INFO  com.gmail.testCases.TC_InboxPage - headerLessBrowsing: false
21:10:28.844 [main] INFO  com.gmail.testCases.TC_InboxPage - wantToBlockAdsAndNotifications: false
21:10:28.848 [main] INFO  com.gmail.testCases.TC_InboxPage - Base class started...
21:10:28.898 [main] INFO  com.gmail.utilities.CustomizedChromeOptions - Entered into incognito mode
21:10:28.900 [main] INFO  com.gmail.utilities.CustomizedChromeOptions - Entered into Debugging mode with port:9222
18:14:03.503 [main] INFO  com.gmail.testCases.TC_InboxPage - Browser and Login-Logout Settings
18:14:04.348 [main] INFO  com.gmail.testCases.TC_InboxPage - wantToEnableDebuggerMode: true And debugger post: 9222
18:14:04.349 [main] INFO  com.gmail.testCases.TC_InboxPage - wantToByPassLoginLogout: true
18:14:04.349 [main] INFO  com.gmail.testCases.TC_InboxPage - incognitoMode: false
18:14:04.352 [main] INFO  com.gmail.testCases.TC_InboxPage - headerLessBrowsing: false
18:14:04.354 [main] INFO  com.gmail.testCases.TC_InboxPage - wantToBlockAdsAndNotifications: true
18:14:04.358 [main] INFO  com.gmail.testCases.TC_InboxPage - Base class started...
18:14:04.389 [main] INFO  com.gmail.utilities.CustomizedChromeOptions - Disabled Ads and Notifications
18:14:04.390 [main] INFO  com.gmail.utilities.CustomizedChromeOptions - Entered into Debugging mode with port:9222
18:14:08.818 [main] INFO  com.gmail.testCases.TC_InboxPage - Chrome driver selected
18:14:16.000 [main] INFO  com.gmail.testCases.TC_InboxPage - Login page started with Debugger mode
18:14:16.064 [main] INFO  com.gmail.testCases.TC_InboxPage - Maximize the window
18:14:16.099 [main] INFO  com.gmail.testCases.TC_InboxPage - loginUserType: user
18:14:16.655 [main] INFO  com.gmail.utilities.ClickOnAnyButton - Method called 'callMeToClickOnAnyButtonWithNameAndXpath' and Caller method name: callMeBeforePerformAnyAction
18:14:16.656 [main] INFO  com.gmail.utilities.ClickOnAnyButton - Element name and xpath >> Inbox Tab and >> //div[contains(@class,'aim')]//*[text()='Inbox']
18:14:17.901 [main] INFO  com.gmail.utilities.ClickOnAnyButton - clicke on button >> Inbox Tab
18:14:23.677 [main] INFO  com.gmail.ReUseAble.PageObject.ReUseAbleElement - Searched the search keys in the search box: QAWorlds
18:14:26.192 [main] INFO  com.gmail.projectUtility.FindThreeDotAndClick - findThreedActionButtonAndClick method called and Caller method name: findEmailFromRowList
18:14:26.192 [main] INFO  com.gmail.projectUtility.FindThreeDotAndClick - wantToGetMatchedRecords: true
18:14:26.388 [main] INFO  com.gmail.pageObject.PO_InboxPage - MatchRowNumber: []
18:14:26.461 [main] INFO  com.gmail.pageObject.PO_InboxPage - Exception while chacking '1-50 of Many' >> no such element: Unable to locate element: {"method":"xpath","selector":"(//div[@aria-label='Older'])[2]"}
  (Session info: chrome=126.0.6478.127)
For documentation on this error, please visit: https://www.selenium.dev/documentation/webdriver/troubleshooting/errors#no-such-element-exception
Build info: version: '4.11.0', revision: '040bc5406b'
System info: os.name: 'Windows 10', os.arch: 'amd64', os.version: '10.0', java.version: '22.0.1'
Driver info: org.openqa.selenium.chrome.ChromeDriver
Command: [679249ba4dc299222797754c3cb3019e, findElement {using=xpath, value=(//div[@aria-label='Older'])[2]}]
Capabilities {acceptInsecureCerts: false, browserName: chrome, browserVersion: 126.0.6478.127, chrome: {chromedriverVersion: 126.0.6478.126 (d36ace6122e...}, fedcm:accounts: true, goog:chromeOptions: {debuggerAddress: localhost:9222}, pageLoadStrategy: normal, platformName: any, proxy: Proxy(), setWindowRect: false, strictFileInteractability: false, timeouts: {implicit: 0, pageLoad: 300000, script: 30000}, unhandledPromptBehavior: dismiss and notify, webauthn:extension:credBlob: true, webauthn:extension:largeBlob: true, webauthn:extension:minPinLength: true, webauthn:extension:prf: true, webauthn:virtualAuthenticators: true}
Session ID: 679249ba4dc299222797754c3cb3019e
18:14:26.462 [main] INFO  com.gmail.pageObject.PO_InboxPage - All the email deleted or No Email presence now...
18:14:26.520 [main] WARN  com.gmail.testCases.TC_InboxPage - Exception From: Logout >> Cannot invoke "com.gmail.pageObject.PO_HomePage.UserLogout()" because "this.hp" is null
18:14:26.591 [main] INFO  com.gmail.testCases.TC_InboxPage - Driver shutdown
18:15:45.287 [main] INFO  com.gmail.testCases.TC_InboxPage - Browser and Login-Logout Settings
18:15:45.299 [main] INFO  com.gmail.testCases.TC_InboxPage - wantToEnableDebuggerMode: true And debugger post: 9222
18:15:45.301 [main] INFO  com.gmail.testCases.TC_InboxPage - wantToByPassLoginLogout: true
18:15:45.302 [main] INFO  com.gmail.testCases.TC_InboxPage - incognitoMode: false
18:15:45.304 [main] INFO  com.gmail.testCases.TC_InboxPage - headerLessBrowsing: false
18:15:45.304 [main] INFO  com.gmail.testCases.TC_InboxPage - wantToBlockAdsAndNotifications: true
18:15:45.307 [main] INFO  com.gmail.testCases.TC_InboxPage - Base class started...
18:15:45.341 [main] INFO  com.gmail.utilities.CustomizedChromeOptions - Disabled Ads and Notifications
18:15:45.342 [main] INFO  com.gmail.utilities.CustomizedChromeOptions - Entered into Debugging mode with port:9222
18:15:48.357 [main] INFO  com.gmail.testCases.TC_InboxPage - Chrome driver selected
18:15:48.389 [main] INFO  com.gmail.testCases.TC_InboxPage - Login page started with Debugger mode
18:15:48.410 [main] INFO  com.gmail.testCases.TC_InboxPage - Maximize the window
18:15:48.430 [main] INFO  com.gmail.testCases.TC_InboxPage - loginUserType: user
18:15:48.511 [main] INFO  com.gmail.utilities.ClickOnAnyButton - Method called 'callMeToClickOnAnyButtonWithNameAndXpath' and Caller method name: callMeBeforePerformAnyAction
18:15:48.512 [main] INFO  com.gmail.utilities.ClickOnAnyButton - Element name and xpath >> Inbox Tab and >> //div[contains(@class,'aim')]//*[text()='Inbox']
18:15:52.298 [main] INFO  com.gmail.utilities.ClickOnAnyButton - clicke on button >> Inbox Tab
18:15:57.854 [main] INFO  com.gmail.ReUseAble.PageObject.ReUseAbleElement - Searched the search keys in the search box: Leonardo Ai
18:15:59.871 [main] INFO  com.gmail.projectUtility.FindThreeDotAndClick - findThreedActionButtonAndClick method called and Caller method name: findEmailFromRowList
18:15:59.873 [main] INFO  com.gmail.projectUtility.FindThreeDotAndClick - wantToGetMatchedRecords: true
18:16:00.108 [main] INFO  com.gmail.projectUtility.FindThreeDotAndClick - isSearchKeyMatched: true
18:16:00.109 [main] INFO  com.gmail.pageObject.PO_InboxPage - MatchRowNumber: [3]
18:16:01.292 [main] INFO  com.gmail.utilities.ClickOnAnyButton - Method called 'callMeToClickOnAnyButtonWithNameAndXpath' and Caller method name: deleleEmails
18:16:01.292 [main] INFO  com.gmail.utilities.ClickOnAnyButton - Element name and xpath >> Delete and >> (//div[@aria-label='Delete'])[2]
18:16:02.116 [main] INFO  com.gmail.utilities.ClickOnAnyButton - clicke on button >> Delete
18:16:03.197 [main] INFO  com.gmail.ReUseAble.PageObject.ReUseAbleElement - Checking alert on intervel of 150 milliSeconds and loop count is: 1
18:16:03.197 [main] INFO  com.gmail.ReUseAble.PageObject.ReUseAbleElement - Alert message is displayed: true
18:16:03.227 [main] INFO  com.gmail.ReUseAble.PageObject.ReUseAbleElement - ===>>> Alert Message Content: Conversation moved to Trash.
  Undo
18:16:03.264 [main] INFO  com.gmail.pageObject.PO_InboxPage - Exception while chacking '1-50 of Many' >> no such element: Unable to locate element: {"method":"xpath","selector":"(//div[@aria-label='Older'])[2]"}
  (Session info: chrome=126.0.6478.127)
For documentation on this error, please visit: https://www.selenium.dev/documentation/webdriver/troubleshooting/errors#no-such-element-exception
Build info: version: '4.11.0', revision: '040bc5406b'
System info: os.name: 'Windows 10', os.arch: 'amd64', os.version: '10.0', java.version: '22.0.1'
Driver info: org.openqa.selenium.chrome.ChromeDriver
Command: [eb21d747128a9aebb2fb2d82cd4c3b8e, findElement {using=xpath, value=(//div[@aria-label='Older'])[2]}]
Capabilities {acceptInsecureCerts: false, browserName: chrome, browserVersion: 126.0.6478.127, chrome: {chromedriverVersion: 126.0.6478.126 (d36ace6122e...}, fedcm:accounts: true, goog:chromeOptions: {debuggerAddress: localhost:9222}, pageLoadStrategy: normal, platformName: any, proxy: Proxy(), setWindowRect: false, strictFileInteractability: false, timeouts: {implicit: 0, pageLoad: 300000, script: 30000}, unhandledPromptBehavior: dismiss and notify, webauthn:extension:credBlob: true, webauthn:extension:largeBlob: true, webauthn:extension:minPinLength: true, webauthn:extension:prf: true, webauthn:virtualAuthenticators: true}
Session ID: eb21d747128a9aebb2fb2d82cd4c3b8e
18:16:03.265 [main] INFO  com.gmail.pageObject.PO_InboxPage - All the email deleted or No Email presence now...
18:16:03.320 [main] WARN  com.gmail.testCases.TC_InboxPage - Exception From: Logout >> Cannot invoke "com.gmail.pageObject.PO_HomePage.UserLogout()" because "this.hp" is null
18:16:03.382 [main] INFO  com.gmail.testCases.TC_InboxPage - Driver shutdown
18:29:06.521 [main] INFO  com.gmail.testCases.TC_InboxPage - Browser and Login-Logout Settings
18:29:06.531 [main] INFO  com.gmail.testCases.TC_InboxPage - wantToEnableDebuggerMode: true And debugger post: 9222
18:29:06.531 [main] INFO  com.gmail.testCases.TC_InboxPage - wantToByPassLoginLogout: true
18:29:06.531 [main] INFO  com.gmail.testCases.TC_InboxPage - incognitoMode: false
18:29:06.532 [main] INFO  com.gmail.testCases.TC_InboxPage - headerLessBrowsing: false
18:29:06.532 [main] INFO  com.gmail.testCases.TC_InboxPage - wantToBlockAdsAndNotifications: true
18:29:06.535 [main] INFO  com.gmail.testCases.TC_InboxPage - Base class started...
18:29:06.565 [main] INFO  com.gmail.utilities.CustomizedChromeOptions - Disabled Ads and Notifications
18:29:06.566 [main] INFO  com.gmail.utilities.CustomizedChromeOptions - Entered into Debugging mode with port:9222
18:29:09.816 [main] INFO  com.gmail.testCases.TC_InboxPage - Chrome driver selected
18:29:09.939 [main] INFO  com.gmail.testCases.TC_InboxPage - Login page started with Debugger mode
18:29:09.983 [main] INFO  com.gmail.testCases.TC_InboxPage - Maximize the window
18:29:10.011 [main] INFO  com.gmail.testCases.TC_InboxPage - loginUserType: user
18:29:10.113 [main] INFO  com.gmail.utilities.ClickOnAnyButton - Method called 'callMeToClickOnAnyButtonWithNameAndXpath' and Caller method name: callMeBeforePerformAnyAction
18:29:10.114 [main] INFO  com.gmail.utilities.ClickOnAnyButton - Element name and xpath >> Inbox Tab and >> //div[contains(@class,'aim')]//*[text()='Inbox']
18:29:10.863 [main] INFO  com.gmail.utilities.ClickOnAnyButton - clicke on button >> Inbox Tab
18:29:16.484 [main] INFO  com.gmail.ReUseAble.PageObject.ReUseAbleElement - Searched the search keys in the search box: Leonardo Ai
18:29:18.492 [main] INFO  com.gmail.projectUtility.FindThreeDotAndClick - findThreedActionButtonAndClick method called and Caller method name: findEmailFromRowList
18:29:18.493 [main] INFO  com.gmail.projectUtility.FindThreeDotAndClick - wantToGetMatchedRecords: true
18:29:18.589 [main] INFO  com.gmail.pageObject.PO_InboxPage - MatchRowNumber: []
18:29:18.656 [main] INFO  com.gmail.pageObject.PO_InboxPage - Exception while chacking '1-50 of Many' >> no such element: Unable to locate element: {"method":"xpath","selector":"(//div[@aria-label='Older'])[2]"}
  (Session info: chrome=126.0.6478.127)
For documentation on this error, please visit: https://www.selenium.dev/documentation/webdriver/troubleshooting/errors#no-such-element-exception
Build info: version: '4.11.0', revision: '040bc5406b'
System info: os.name: 'Windows 10', os.arch: 'amd64', os.version: '10.0', java.version: '22.0.1'
Driver info: org.openqa.selenium.chrome.ChromeDriver
Command: [80a52f68a9745447cc02b42376250697, findElement {using=xpath, value=(//div[@aria-label='Older'])[2]}]
Capabilities {acceptInsecureCerts: false, browserName: chrome, browserVersion: 126.0.6478.127, chrome: {chromedriverVersion: 126.0.6478.126 (d36ace6122e...}, fedcm:accounts: true, goog:chromeOptions: {debuggerAddress: localhost:9222}, pageLoadStrategy: normal, platformName: any, proxy: Proxy(), setWindowRect: false, strictFileInteractability: false, timeouts: {implicit: 0, pageLoad: 300000, script: 30000}, unhandledPromptBehavior: dismiss and notify, webauthn:extension:credBlob: true, webauthn:extension:largeBlob: true, webauthn:extension:minPinLength: true, webauthn:extension:prf: true, webauthn:virtualAuthenticators: true}
Session ID: 80a52f68a9745447cc02b42376250697
18:29:18.657 [main] INFO  com.gmail.pageObject.PO_InboxPage - All the email deleted or No Email presence now...
18:29:18.707 [main] WARN  com.gmail.testCases.TC_InboxPage - Exception From: Logout >> Cannot invoke "com.gmail.pageObject.PO_HomePage.UserLogout()" because "this.hp" is null
18:29:18.785 [main] INFO  com.gmail.testCases.TC_InboxPage - Driver shutdown
19:21:35.352 [main] INFO  com.gmail.testCases.TC_InboxPage - Browser and Login-Logout Settings
19:21:35.374 [main] INFO  com.gmail.testCases.TC_InboxPage - wantToEnableDebuggerMode: true And debugger post: 9222
19:21:35.375 [main] INFO  com.gmail.testCases.TC_InboxPage - wantToByPassLoginLogout: true
19:21:35.376 [main] INFO  com.gmail.testCases.TC_InboxPage - incognitoMode: false
19:21:35.377 [main] INFO  com.gmail.testCases.TC_InboxPage - headerLessBrowsing: false
19:21:35.377 [main] INFO  com.gmail.testCases.TC_InboxPage - wantToBlockAdsAndNotifications: true
19:21:35.381 [main] INFO  com.gmail.testCases.TC_InboxPage - Base class started...
19:21:35.427 [main] INFO  com.gmail.utilities.CustomizedChromeOptions - Disabled Ads and Notifications
19:21:35.428 [main] INFO  com.gmail.utilities.CustomizedChromeOptions - Entered into Debugging mode with port:9222
19:21:38.461 [main] INFO  com.gmail.testCases.TC_InboxPage - Chrome driver selected
19:21:42.849 [main] INFO  com.gmail.testCases.TC_InboxPage - Login page started with Debugger mode
19:21:42.889 [main] INFO  com.gmail.testCases.TC_InboxPage - Maximize the window
19:21:42.917 [main] INFO  com.gmail.testCases.TC_InboxPage - loginUserType: user
19:21:43.159 [main] INFO  com.gmail.utilities.ClickOnAnyButton - Method called 'callMeToClickOnAnyButtonWithNameAndXpath' and Caller method name: callMeBeforePerformAnyAction
19:21:43.159 [main] INFO  com.gmail.utilities.ClickOnAnyButton - Element name and xpath >> Inbox Tab and >> //div[contains(@class,'aim')]//*[text()='Inbox']
19:21:44.396 [main] INFO  com.gmail.utilities.ClickOnAnyButton - clicke on button >> Inbox Tab
19:21:49.977 [main] INFO  com.gmail.ReUseAble.PageObject.ReUseAbleElement - Searched the search keys in the search box: Bitget
19:21:52.021 [main] INFO  com.gmail.projectUtility.FindThreeDotAndClick - findThreedActionButtonAndClick method called and Caller method name: findEmailFromRowList
19:21:52.022 [main] INFO  com.gmail.projectUtility.FindThreeDotAndClick - wantToGetMatchedRecords: true
19:21:52.110 [main] INFO  com.gmail.pageObject.PO_InboxPage - MatchRowNumber: []
19:21:52.229 [main] INFO  com.gmail.pageObject.PO_InboxPage - Exception while chacking '1-50 of Many' >> no such element: Unable to locate element: {"method":"xpath","selector":"(//div[@aria-label='Older'])[2]"}
  (Session info: chrome=126.0.6478.127)
For documentation on this error, please visit: https://www.selenium.dev/documentation/webdriver/troubleshooting/errors#no-such-element-exception
Build info: version: '4.11.0', revision: '040bc5406b'
System info: os.name: 'Windows 10', os.arch: 'amd64', os.version: '10.0', java.version: '22.0.1'
Driver info: org.openqa.selenium.chrome.ChromeDriver
Command: [87914641feae7d7311910a2fc1dd78c4, findElement {using=xpath, value=(//div[@aria-label='Older'])[2]}]
Capabilities {acceptInsecureCerts: false, browserName: chrome, browserVersion: 126.0.6478.127, chrome: {chromedriverVersion: 126.0.6478.126 (d36ace6122e...}, fedcm:accounts: true, goog:chromeOptions: {debuggerAddress: localhost:9222}, pageLoadStrategy: normal, platformName: any, proxy: Proxy(), setWindowRect: false, strictFileInteractability: false, timeouts: {implicit: 0, pageLoad: 300000, script: 30000}, unhandledPromptBehavior: dismiss and notify, webauthn:extension:credBlob: true, webauthn:extension:largeBlob: true, webauthn:extension:minPinLength: true, webauthn:extension:prf: true, webauthn:virtualAuthenticators: true}
Session ID: 87914641feae7d7311910a2fc1dd78c4
19:21:52.230 [main] INFO  com.gmail.pageObject.PO_InboxPage - All the email deleted or No Email presence now...
19:21:52.283 [main] WARN  com.gmail.testCases.TC_InboxPage - Exception From: Logout >> Cannot invoke "com.gmail.pageObject.PO_HomePage.UserLogout()" because "this.hp" is null
19:21:52.348 [main] INFO  com.gmail.testCases.TC_InboxPage - Driver shutdown
19:27:03.355 [main] INFO  com.gmail.testCases.TC_InboxPage - Browser and Login-Logout Settings
19:27:03.364 [main] INFO  com.gmail.testCases.TC_InboxPage - wantToEnableDebuggerMode: true And debugger post: 9222
19:27:03.367 [main] INFO  com.gmail.testCases.TC_InboxPage - wantToByPassLoginLogout: true
19:27:03.369 [main] INFO  com.gmail.testCases.TC_InboxPage - incognitoMode: false
19:27:03.370 [main] INFO  com.gmail.testCases.TC_InboxPage - headerLessBrowsing: false
19:27:03.371 [main] INFO  com.gmail.testCases.TC_InboxPage - wantToBlockAdsAndNotifications: true
19:27:03.373 [main] INFO  com.gmail.testCases.TC_InboxPage - Base class started...
19:27:03.404 [main] INFO  com.gmail.utilities.CustomizedChromeOptions - Disabled Ads and Notifications
19:27:03.405 [main] INFO  com.gmail.utilities.CustomizedChromeOptions - Entered into Debugging mode with port:9222
19:27:06.988 [main] INFO  com.gmail.testCases.TC_InboxPage - Chrome driver selected
19:27:07.029 [main] INFO  com.gmail.testCases.TC_InboxPage - Login page started with Debugger mode
19:27:07.142 [main] INFO  com.gmail.testCases.TC_InboxPage - Maximize the window
19:27:07.165 [main] INFO  com.gmail.testCases.TC_InboxPage - loginUserType: user
19:27:07.268 [main] INFO  com.gmail.utilities.ClickOnAnyButton - Method called 'callMeToClickOnAnyButtonWithNameAndXpath' and Caller method name: callMeBeforePerformAnyAction
19:27:07.268 [main] INFO  com.gmail.utilities.ClickOnAnyButton - Element name and xpath >> Inbox Tab and >> //div[contains(@class,'aim')]//*[text()='Inbox']
19:27:08.100 [main] INFO  com.gmail.utilities.ClickOnAnyButton - clicke on button >> Inbox Tab
19:27:13.688 [main] INFO  com.gmail.ReUseAble.PageObject.ReUseAbleElement - Searched the search keys in the search box: Sanjiv Kumar
19:27:15.702 [main] INFO  com.gmail.projectUtility.FindThreeDotAndClick - findThreedActionButtonAndClick method called and Caller method name: findEmailFromRowList
19:27:15.704 [main] INFO  com.gmail.projectUtility.FindThreeDotAndClick - wantToGetMatchedRecords: true
19:27:15.922 [main] INFO  com.gmail.projectUtility.FindThreeDotAndClick - isSearchKeyMatched: true
19:27:15.957 [main] INFO  com.gmail.projectUtility.FindThreeDotAndClick - isSearchKeyMatched: true
19:27:15.994 [main] INFO  com.gmail.projectUtility.FindThreeDotAndClick - isSearchKeyMatched: true
19:27:15.995 [main] INFO  com.gmail.pageObject.PO_InboxPage - MatchRowNumber: [5, 6, 7]
19:27:19.170 [main] INFO  com.gmail.utilities.ClickOnAnyButton - Method called 'callMeToClickOnAnyButtonWithNameAndXpath' and Caller method name: deleleEmails
19:27:19.171 [main] INFO  com.gmail.utilities.ClickOnAnyButton - Element name and xpath >> Delete and >> (//div[@aria-label='Delete'])[2]
19:27:20.004 [main] INFO  com.gmail.utilities.ClickOnAnyButton - clicke on button >> Delete
19:27:21.070 [main] INFO  com.gmail.ReUseAble.PageObject.ReUseAbleElement - Checking alert on intervel of 150 milliSeconds and loop count is: 1
19:27:21.070 [main] INFO  com.gmail.ReUseAble.PageObject.ReUseAbleElement - Alert message is displayed: true
19:27:21.093 [main] INFO  com.gmail.ReUseAble.PageObject.ReUseAbleElement - ===>>> Alert Message Content: 3 conversations moved to Trash.
  Undo
19:27:21.122 [main] INFO  com.gmail.pageObject.PO_InboxPage - Exception while chacking '1-50 of Many' >> no such element: Unable to locate element: {"method":"xpath","selector":"(//div[@aria-label='Older'])[2]"}
  (Session info: chrome=126.0.6478.127)
For documentation on this error, please visit: https://www.selenium.dev/documentation/webdriver/troubleshooting/errors#no-such-element-exception
Build info: version: '4.11.0', revision: '040bc5406b'
System info: os.name: 'Windows 10', os.arch: 'amd64', os.version: '10.0', java.version: '22.0.1'
Driver info: org.openqa.selenium.chrome.ChromeDriver
Command: [d32721e926efef456f6b799cee7120da, findElement {using=xpath, value=(//div[@aria-label='Older'])[2]}]
Capabilities {acceptInsecureCerts: false, browserName: chrome, browserVersion: 126.0.6478.127, chrome: {chromedriverVersion: 126.0.6478.126 (d36ace6122e...}, fedcm:accounts: true, goog:chromeOptions: {debuggerAddress: localhost:9222}, pageLoadStrategy: normal, platformName: any, proxy: Proxy(), setWindowRect: false, strictFileInteractability: false, timeouts: {implicit: 0, pageLoad: 300000, script: 30000}, unhandledPromptBehavior: dismiss and notify, webauthn:extension:credBlob: true, webauthn:extension:largeBlob: true, webauthn:extension:minPinLength: true, webauthn:extension:prf: true, webauthn:virtualAuthenticators: true}
Session ID: d32721e926efef456f6b799cee7120da
19:27:21.122 [main] INFO  com.gmail.pageObject.PO_InboxPage - All the email deleted or No Email presence now...
19:27:21.171 [main] WARN  com.gmail.testCases.TC_InboxPage - Exception From: Logout >> Cannot invoke "com.gmail.pageObject.PO_HomePage.UserLogout()" because "this.hp" is null
19:27:21.231 [main] INFO  com.gmail.testCases.TC_InboxPage - Driver shutdown
19:35:22.991 [main] INFO  com.gmail.testCases.TC_InboxPage - Browser and Login-Logout Settings
19:35:23.000 [main] INFO  com.gmail.testCases.TC_InboxPage - wantToEnableDebuggerMode: true And debugger post: 9222
19:35:23.001 [main] INFO  com.gmail.testCases.TC_InboxPage - wantToByPassLoginLogout: true
19:35:23.001 [main] INFO  com.gmail.testCases.TC_InboxPage - incognitoMode: false
19:35:23.002 [main] INFO  com.gmail.testCases.TC_InboxPage - headerLessBrowsing: false
19:35:23.003 [main] INFO  com.gmail.testCases.TC_InboxPage - wantToBlockAdsAndNotifications: true
19:35:23.005 [main] INFO  com.gmail.testCases.TC_InboxPage - Base class started...
19:35:23.036 [main] INFO  com.gmail.utilities.CustomizedChromeOptions - Disabled Ads and Notifications
19:35:23.036 [main] INFO  com.gmail.utilities.CustomizedChromeOptions - Entered into Debugging mode with port:9222
19:35:26.169 [main] INFO  com.gmail.testCases.TC_InboxPage - Chrome driver selected
19:35:26.303 [main] INFO  com.gmail.testCases.TC_InboxPage - Login page started with Debugger mode
19:35:26.372 [main] INFO  com.gmail.testCases.TC_InboxPage - Maximize the window
19:35:26.403 [main] INFO  com.gmail.testCases.TC_InboxPage - loginUserType: user
19:35:26.513 [main] INFO  com.gmail.utilities.ClickOnAnyButton - Method called 'callMeToClickOnAnyButtonWithNameAndXpath' and Caller method name: callMeBeforePerformAnyAction
19:35:26.515 [main] INFO  com.gmail.utilities.ClickOnAnyButton - Element name and xpath >> Inbox Tab and >> //div[contains(@class,'aim')]//*[text()='Inbox']
19:35:27.244 [main] INFO  com.gmail.utilities.ClickOnAnyButton - clicke on button >> Inbox Tab
19:35:32.791 [main] INFO  com.gmail.ReUseAble.PageObject.ReUseAbleElement - Searched the search keys in the search box: Sanjiv Kumar
19:35:34.821 [main] INFO  com.gmail.projectUtility.FindThreeDotAndClick - findThreedActionButtonAndClick method called and Caller method name: findEmailFromRowList
19:35:34.822 [main] INFO  com.gmail.projectUtility.FindThreeDotAndClick - wantToGetMatchedRecords: true
19:35:34.881 [main] INFO  com.gmail.pageObject.PO_InboxPage - MatchRowNumber: []
19:35:34.942 [main] INFO  com.gmail.pageObject.PO_InboxPage - Exception while chacking '1-50 of Many' >> no such element: Unable to locate element: {"method":"xpath","selector":"(//div[@aria-label='Older'])[2]"}
  (Session info: chrome=126.0.6478.127)
For documentation on this error, please visit: https://www.selenium.dev/documentation/webdriver/troubleshooting/errors#no-such-element-exception
Build info: version: '4.11.0', revision: '040bc5406b'
System info: os.name: 'Windows 10', os.arch: 'amd64', os.version: '10.0', java.version: '22.0.1'
Driver info: org.openqa.selenium.chrome.ChromeDriver
Command: [43277e6720afb3fba007e11456566d3c, findElement {using=xpath, value=(//div[@aria-label='Older'])[2]}]
Capabilities {acceptInsecureCerts: false, browserName: chrome, browserVersion: 126.0.6478.127, chrome: {chromedriverVersion: 126.0.6478.126 (d36ace6122e...}, fedcm:accounts: true, goog:chromeOptions: {debuggerAddress: localhost:9222}, pageLoadStrategy: normal, platformName: any, proxy: Proxy(), setWindowRect: false, strictFileInteractability: false, timeouts: {implicit: 0, pageLoad: 300000, script: 30000}, unhandledPromptBehavior: dismiss and notify, webauthn:extension:credBlob: true, webauthn:extension:largeBlob: true, webauthn:extension:minPinLength: true, webauthn:extension:prf: true, webauthn:virtualAuthenticators: true}
Session ID: 43277e6720afb3fba007e11456566d3c
19:35:34.943 [main] INFO  com.gmail.pageObject.PO_InboxPage - All the email deleted or No Email presence now...
19:35:34.989 [main] WARN  com.gmail.testCases.TC_InboxPage - Exception From: Logout >> Cannot invoke "com.gmail.pageObject.PO_HomePage.UserLogout()" because "this.hp" is null
19:35:35.069 [main] INFO  com.gmail.testCases.TC_InboxPage - Driver shutdown
